<?xml version="1.0" encoding="UTF-8"?>
<!-- Generated by org.testng.reporters.JUnitReportReporter -->
<testsuite hostname="NGZ280" name="com.test.HTMLBatchRunner" tests="2" failures="0" timestamp="29 Dec 2016 09:20:58 GMT" time="0.011" errors="0">
  <testcase name="getNameOfTxtFileFromReportFolder" time="0.010" classname="com.test.HTMLBatchRunner"/>
  <testcase name="getNameOfTxtFileFromReportFolder" time="0.001" classname="com.test.HTMLBatchRunner"/>
</testsuite> <!-- com.test.HTMLBatchRunner -->
