<?xml version="1.0" encoding="UTF-8"?>
<!-- Generated by org.testng.reporters.JUnitReportReporter -->
<testsuite hostname="NGZ280" name="com.test.ExecutionTime" tests="2" failures="0" timestamp="29 Dec 2016 09:20:58 GMT" time="0.524" errors="0">
  <testcase name="testExecutionTime" time="0.243" classname="com.test.ExecutionTime"/>
  <testcase name="testExecutionTime" time="0.281" classname="com.test.ExecutionTime"/>
</testsuite> <!-- com.test.ExecutionTime -->
