<?xml version="1.0" encoding="UTF-8"?>
<!-- Generated by org.testng.reporters.JUnitReportReporter -->
<testsuite hostname="NGZ563" name="com.test.testt" tests="3" failures="0" timestamp="6 Oct 2016 10:16:24 GMT" time="24.887" errors="0">
  <testcase name="verifyPage" time="11.670" classname="com.test.testt"/>
  <testcase name="verifyPagenew" time="6.887" classname="com.test.testt"/>
  <testcase name="verifyPageknew" time="6.330" classname="com.test.testt"/>
</testsuite> <!-- com.test.testt -->
