<?xml version="1.0" encoding="UTF-8"?>
<!-- Generated by org.testng.reporters.JUnitReportReporter -->
<testsuite hostname="NGZ280" name="com.test.Framework" tests="2" failures="0" timestamp="29 Dec 2016 09:20:58 GMT" time="403.827" errors="0">
  <testcase name="getTestSuitName" time="196.309" classname="com.test.Framework"/>
  <testcase name="getTestSuitName" time="207.518" classname="com.test.Framework"/>
</testsuite> <!-- com.test.Framework -->
